2022-04-25T14:26:59+00:00 CRITICAL Maximum execution time of 120 seconds exceeded in C:\Users\saish\Documents\New folder\htdocs\ecommerce\wordpress\wp-includes\functions.php on line 4488

2022-04-25T15:00:49+00:00 CRITICAL Maximum execution time of 120 seconds exceeded in C:\Users\saish\Documents\New folder\htdocs\ecommerce\wordpress\wp-includes\wp-db.php on line 2162

2022-04-25T15:00:51+00:00 CRITICAL Maximum execution time of 120 seconds exceeded in C:\Users\saish\Documents\New folder\htdocs\ecommerce\wordpress\wp-includes\wp-db.php on line 2162

2022-04-25T15:00:51+00:00 CRITICAL Maximum execution time of 120 seconds exceeded in C:\Users\saish\Documents\New folder\htdocs\ecommerce\wordpress\wp-includes\wp-db.php on line 2162

2022-04-25T15:00:55+00:00 CRITICAL Maximum execution time of 120 seconds exceeded in C:\Users\saish\Documents\New folder\htdocs\ecommerce\wordpress\wp-admin\includes\template.php on line 12

2022-04-25T15:00:56+00:00 CRITICAL Maximum execution time of 120 seconds exceeded in C:\Users\saish\Documents\New folder\htdocs\ecommerce\wordpress\wp-admin\includes\class-custom-image-header.php on line 1603

2022-04-25T15:00:57+00:00 CRITICAL Maximum execution time of 120 seconds exceeded in C:\Users\saish\Documents\New folder\htdocs\ecommerce\wordpress\wp-admin\includes\template.php on line 12

2022-04-25T15:00:57+00:00 CRITICAL Maximum execution time of 120 seconds exceeded in C:\Users\saish\Documents\New folder\htdocs\ecommerce\wordpress\wp-admin\includes\template.php on line 12

2022-04-25T15:00:57+00:00 CRITICAL Maximum execution time of 120 seconds exceeded in C:\Users\saish\Documents\New folder\htdocs\ecommerce\wordpress\wp-admin\includes\template.php on line 12

2022-04-25T15:01:00+00:00 CRITICAL Maximum execution time of 120 seconds exceeded in C:\Users\saish\Documents\New folder\htdocs\ecommerce\wordpress\wp-admin\includes\class-wp-internal-pointers.php on line 175

2022-04-25T15:01:00+00:00 CRITICAL Maximum execution time of 120 seconds exceeded in C:\Users\saish\Documents\New folder\htdocs\ecommerce\wordpress\wp-admin\includes\class-wp-internal-pointers.php on line 175

2022-04-25T15:01:00+00:00 CRITICAL Maximum execution time of 120 seconds exceeded in C:\Users\saish\Documents\New folder\htdocs\ecommerce\wordpress\wp-admin\includes\class-wp-internal-pointers.php on line 175

2022-04-25T15:01:01+00:00 CRITICAL Maximum execution time of 120 seconds exceeded in C:\Users\saish\Documents\New folder\htdocs\ecommerce\wordpress\wp-admin\includes\class-wp-internal-pointers.php on line 175

2022-04-25T15:01:03+00:00 CRITICAL Maximum execution time of 120 seconds exceeded in C:\Users\saish\Documents\New folder\htdocs\ecommerce\wordpress\wp-includes\customize\class-wp-customize-nav-menu-item-setting.php on line 269

2022-04-25T15:01:05+00:00 CRITICAL Maximum execution time of 120 seconds exceeded in C:\Users\saish\Documents\New folder\htdocs\ecommerce\wordpress\wp-includes\wp-db.php on line 2162

2022-04-25T15:01:06+00:00 CRITICAL Maximum execution time of 120 seconds exceeded in C:\Users\saish\Documents\New folder\htdocs\ecommerce\wordpress\wp-includes\wp-db.php on line 2162

2022-04-25T15:01:06+00:00 CRITICAL Maximum execution time of 120 seconds exceeded in C:\Users\saish\Documents\New folder\htdocs\ecommerce\wordpress\wp-includes\wp-db.php on line 2162

2022-04-25T15:01:07+00:00 CRITICAL Maximum execution time of 120 seconds exceeded in C:\Users\saish\Documents\New folder\htdocs\ecommerce\wordpress\wp-includes\wp-db.php on line 2162

2022-04-25T15:01:09+00:00 CRITICAL Maximum execution time of 120 seconds exceeded in C:\Users\saish\Documents\New folder\htdocs\ecommerce\wordpress\wp-includes\wp-db.php on line 2162

2022-04-25T15:01:10+00:00 CRITICAL Maximum execution time of 120 seconds exceeded in C:\Users\saish\Documents\New folder\htdocs\ecommerce\wordpress\wp-admin\includes\class-custom-background.php on line 626

2022-04-25T15:01:10+00:00 CRITICAL Maximum execution time of 120 seconds exceeded in C:\Users\saish\Documents\New folder\htdocs\ecommerce\wordpress\wp-admin\includes\template.php on line 12

2022-04-25T15:01:13+00:00 CRITICAL Maximum execution time of 120 seconds exceeded in C:\Users\saish\Documents\New folder\htdocs\ecommerce\wordpress\wp-admin\includes\template.php on line 12

2022-04-25T15:01:12+00:00 CRITICAL Maximum execution time of 120 seconds exceeded in C:\Users\saish\Documents\New folder\htdocs\ecommerce\wordpress\wp-admin\includes\template.php on line 12

2022-04-25T15:01:12+00:00 CRITICAL Maximum execution time of 120 seconds exceeded in C:\Users\saish\Documents\New folder\htdocs\ecommerce\wordpress\wp-includes\wp-db.php on line 2162

2022-04-25T15:01:11+00:00 CRITICAL Maximum execution time of 120 seconds exceeded in C:\Users\saish\Documents\New folder\htdocs\ecommerce\wordpress\wp-includes\wp-db.php on line 2162

2022-04-25T15:01:12+00:00 CRITICAL Maximum execution time of 120 seconds exceeded in C:\Users\saish\Documents\New folder\htdocs\ecommerce\wordpress\wp-includes\wp-db.php on line 2162

2022-04-25T15:01:27+00:00 CRITICAL Maximum execution time of 120 seconds exceeded in C:\Users\saish\Documents\New folder\htdocs\ecommerce\wordpress\wp-includes\wp-db.php on line 2162

2022-04-25T15:01:27+00:00 CRITICAL Maximum execution time of 120 seconds exceeded in C:\Users\saish\Documents\New folder\htdocs\ecommerce\wordpress\wp-includes\wp-db.php on line 2162

2022-04-25T15:01:27+00:00 CRITICAL Maximum execution time of 120 seconds exceeded in C:\Users\saish\Documents\New folder\htdocs\ecommerce\wordpress\wp-includes\wp-db.php on line 2162

2022-04-25T15:01:28+00:00 CRITICAL Maximum execution time of 120 seconds exceeded in C:\Users\saish\Documents\New folder\htdocs\ecommerce\wordpress\wp-includes\wp-db.php on line 2162

2022-04-25T15:01:30+00:00 CRITICAL Maximum execution time of 120 seconds exceeded in C:\Users\saish\Documents\New folder\htdocs\ecommerce\wordpress\wp-includes\wp-db.php on line 2162

2022-04-25T15:01:37+00:00 CRITICAL Maximum execution time of 120 seconds exceeded in C:\Users\saish\Documents\New folder\htdocs\ecommerce\wordpress\wp-admin\includes\media.php on line 3843

2022-04-25T15:03:00+00:00 CRITICAL Maximum execution time of 120 seconds exceeded in C:\Users\saish\Documents\New folder\htdocs\ecommerce\wordpress\wp-content\plugins\woocommerce\packages\woocommerce-blocks\src\BlockTypes\ProductsByAttribute.php on line 77

2022-04-25T15:40:20+00:00 CRITICAL Maximum execution time of 120 seconds exceeded in C:\Users\saish\Documents\New folder\htdocs\ecommerce\wordpress\wp-content\plugins\woocommerce\packages\woocommerce-blocks\src\BlockTypes\ProductTitle.php on line 57

2022-04-25T15:40:28+00:00 CRITICAL Maximum execution time of 120 seconds exceeded in C:\Users\saish\Documents\New folder\htdocs\ecommerce\wordpress\wp-admin\includes\options.php on line 135

