2022-05-03T15:04:32+00:00 CRITICAL Maximum execution time of 120 seconds exceeded in C:\Users\saish\Documents\New folder\htdocs\ecommerce\wordpress\wp-content\plugins\woocommerce\packages\woocommerce-admin\src\Schedulers\SchedulerTraits.php on line 8

2022-05-03T15:10:30+00:00 CRITICAL Maximum execution time of 120 seconds exceeded in C:\Users\saish\Documents\New folder\htdocs\ecommerce\wordpress\wp-content\plugins\woocommerce\packages\woocommerce-admin\dist\customer-effort-score\index.asset.php on line 1

2022-05-03T15:14:05+00:00 CRITICAL Maximum execution time of 120 seconds exceeded in C:\Users\saish\Documents\New folder\htdocs\ecommerce\wordpress\wp-admin\includes\meta-boxes.php on line 1619

2022-05-03T15:16:11+00:00 CRITICAL Maximum execution time of 120 seconds exceeded in C:\Users\saish\Documents\New folder\htdocs\ecommerce\wordpress\wp-content\plugins\woocommerce\includes\rest-api\Controllers\Version2\class-wc-rest-order-refunds-v2-controller.php on line 592

2022-05-03T15:25:10+00:00 CRITICAL Maximum execution time of 120 seconds exceeded in C:\Users\saish\Documents\New folder\htdocs\ecommerce\wordpress\wp-admin\includes\misc.php on line 1503

2022-05-03T15:25:10+00:00 CRITICAL Maximum execution time of 120 seconds exceeded in C:\Users\saish\Documents\New folder\htdocs\ecommerce\wordpress\wp-admin\includes\class-wp-privacy-policy-content.php on line 701

2022-05-03T15:25:28+00:00 CRITICAL Maximum execution time of 120 seconds exceeded in C:\Users\saish\Documents\New folder\htdocs\ecommerce\wordpress\wp-includes\class-wp-image-editor-gd.php on line 208

2022-05-03T15:30:35+00:00 CRITICAL Maximum execution time of 120 seconds exceeded in C:\Users\saish\Documents\New folder\htdocs\ecommerce\wordpress\wp-content\plugins\woocommerce\includes\class-wc-payment-gateways.php on line 237

2022-05-03T15:30:36+00:00 CRITICAL Maximum execution time of 120 seconds exceeded in C:\Users\saish\Documents\New folder\htdocs\ecommerce\wordpress\wp-content\plugins\woocommerce\includes\gateways\paypal\includes\class-wc-gateway-paypal-ipn-handler.php on line 9

2022-05-03T15:30:39+00:00 CRITICAL Maximum execution time of 120 seconds exceeded in C:\Users\saish\Documents\New folder\htdocs\ecommerce\wordpress\wp-content\plugins\woocommerce\includes\gateways\bacs\class-wc-gateway-bacs.php on line 8

2022-05-03T15:30:39+00:00 CRITICAL Maximum execution time of 120 seconds exceeded in C:\Users\saish\Documents\New folder\htdocs\ecommerce\wordpress\wp-admin\includes\file.php on line 16

2022-05-03T15:34:50+00:00 CRITICAL Maximum execution time of 120 seconds exceeded in C:\Users\saish\Documents\New folder\htdocs\ecommerce\wordpress\wp-admin\includes\media.php on line 3843

2022-05-03T15:34:52+00:00 CRITICAL Maximum execution time of 120 seconds exceeded in C:\Users\saish\Documents\New folder\htdocs\ecommerce\wordpress\wp-admin\includes\misc.php on line 1503

2022-05-03T15:34:55+00:00 CRITICAL Maximum execution time of 120 seconds exceeded in C:\Users\saish\Documents\New folder\htdocs\ecommerce\wordpress\wp-content\plugins\woocommerce\packages\woocommerce-admin\src\API\Reports\Coupons\Stats\Controller.php on line 10

2022-05-03T15:34:56+00:00 CRITICAL Maximum execution time of 120 seconds exceeded in C:\Users\saish\Documents\New folder\htdocs\ecommerce\wordpress\wp-content\plugins\woocommerce\packages\woocommerce-admin\src\API\Reports\Customers\Stats\Controller.php on line 10

2022-05-03T15:35:01+00:00 CRITICAL Maximum execution time of 120 seconds exceeded in C:\Users\saish\Documents\New folder\htdocs\ecommerce\wordpress\wp-content\plugins\woocommerce\includes\rest-api\Controllers\Version2\class-wc-rest-settings-v2-controller.php on line 233

2022-05-03T15:35:06+00:00 CRITICAL Maximum execution time of 120 seconds exceeded in C:\Users\saish\Documents\New folder\htdocs\ecommerce\wordpress\wp-admin\includes\class-wp-privacy-data-removal-requests-list-table.php on line 10

2022-05-03T15:35:28+00:00 CRITICAL Maximum execution time of 120 seconds exceeded in C:\Users\saish\Documents\New folder\htdocs\ecommerce\wordpress\wp-content\plugins\woocommerce\packages\woocommerce-blocks\src\BlockTypes\ProductOnSale.php on line 39

2022-05-03T15:36:30+00:00 CRITICAL Maximum execution time of 120 seconds exceeded in C:\Users\saish\Documents\New folder\htdocs\ecommerce\wordpress\wp-content\plugins\woocommerce\packages\woocommerce-admin\src\API\Reports\Taxes\Stats\DataStore.php on line 8

2022-05-03T15:37:07+00:00 CRITICAL Maximum execution time of 120 seconds exceeded in C:\Users\saish\Documents\New folder\htdocs\ecommerce\wordpress\wp-content\plugins\woocommerce\includes\admin\class-wc-admin-settings.php on line 11

2022-05-03T15:37:10+00:00 CRITICAL Maximum execution time of 120 seconds exceeded in C:\Users\saish\Documents\New folder\htdocs\ecommerce\wordpress\wp-content\plugins\woocommerce\packages\woocommerce-admin\src\API\Features.php on line 10

2022-05-03T15:37:17+00:00 CRITICAL Maximum execution time of 120 seconds exceeded in C:\Users\saish\Documents\New folder\htdocs\ecommerce\wordpress\wp-content\plugins\woocommerce\includes\rest-api\Controllers\Version3\class-wc-rest-reports-controller.php on line 19

2022-05-03T15:37:57+00:00 CRITICAL Maximum execution time of 120 seconds exceeded in C:\Users\saish\Documents\New folder\htdocs\ecommerce\wordpress\wp-content\themes\storefront.3.9.1\storefront\inc\customizer\class-storefront-customizer.php on line 9

2022-05-03T15:37:56+00:00 CRITICAL Maximum execution time of 120 seconds exceeded in C:\Users\saish\Documents\New folder\htdocs\ecommerce\wordpress\wp-content\themes\storefront.3.9.1\storefront\inc\customizer\class-storefront-customizer.php on line 9

2022-05-03T15:37:57+00:00 CRITICAL Maximum execution time of 120 seconds exceeded in C:\Users\saish\Documents\New folder\htdocs\ecommerce\wordpress\wp-content\themes\storefront.3.9.1\storefront\inc\customizer\class-storefront-customizer.php on line 9

2022-05-03T15:37:57+00:00 CRITICAL Maximum execution time of 120 seconds exceeded in C:\Users\saish\Documents\New folder\htdocs\ecommerce\wordpress\wp-content\themes\storefront.3.9.1\storefront\inc\storefront-functions.php on line 8

2022-05-03T15:37:57+00:00 CRITICAL Maximum execution time of 120 seconds exceeded in C:\Users\saish\Documents\New folder\htdocs\ecommerce\wordpress\wp-content\themes\storefront.3.9.1\storefront\inc\customizer\class-storefront-customizer.php on line 9

2022-05-03T15:37:57+00:00 CRITICAL Maximum execution time of 120 seconds exceeded in C:\Users\saish\Documents\New folder\htdocs\ecommerce\wordpress\wp-content\themes\storefront.3.9.1\storefront\inc\customizer\class-storefront-customizer.php on line 9

2022-05-03T15:37:57+00:00 CRITICAL Maximum execution time of 120 seconds exceeded in C:\Users\saish\Documents\New folder\htdocs\ecommerce\wordpress\wp-content\themes\storefront.3.9.1\storefront\inc\storefront-template-functions.php on line 8

2022-05-03T15:37:57+00:00 CRITICAL Maximum execution time of 120 seconds exceeded in C:\Users\saish\Documents\New folder\htdocs\ecommerce\wordpress\wp-content\themes\storefront.3.9.1\storefront\inc\customizer\class-storefront-customizer.php on line 9

2022-05-03T15:37:57+00:00 CRITICAL Maximum execution time of 120 seconds exceeded in C:\Users\saish\Documents\New folder\htdocs\ecommerce\wordpress\wp-content\themes\storefront.3.9.1\storefront\inc\storefront-template-functions.php on line 8

2022-05-03T15:37:57+00:00 CRITICAL Maximum execution time of 120 seconds exceeded in C:\Users\saish\Documents\New folder\htdocs\ecommerce\wordpress\wp-content\themes\storefront.3.9.1\storefront\inc\customizer\class-storefront-customizer.php on line 9

2022-05-03T15:37:57+00:00 CRITICAL Maximum execution time of 120 seconds exceeded in C:\Users\saish\Documents\New folder\htdocs\ecommerce\wordpress\wp-content\themes\storefront.3.9.1\storefront\inc\customizer\class-storefront-customizer.php on line 9

2022-05-03T15:37:57+00:00 CRITICAL Maximum execution time of 120 seconds exceeded in C:\Users\saish\Documents\New folder\htdocs\ecommerce\wordpress\wp-content\themes\storefront.3.9.1\storefront\inc\customizer\class-storefront-customizer.php on line 9

2022-05-03T15:37:58+00:00 CRITICAL Maximum execution time of 120 seconds exceeded in C:\Users\saish\Documents\New folder\htdocs\ecommerce\wordpress\wp-content\themes\storefront.3.9.1\storefront\inc\woocommerce\class-storefront-woocommerce.php on line 9

2022-05-03T15:38:00+00:00 CRITICAL Maximum execution time of 120 seconds exceeded in C:\Users\saish\Documents\New folder\htdocs\ecommerce\wordpress\wp-content\themes\storefront.3.9.1\storefront\inc\woocommerce\storefront-woocommerce-template-functions.php on line 8

2022-05-03T15:38:02+00:00 CRITICAL Maximum execution time of 120 seconds exceeded in C:\Users\saish\Documents\New folder\htdocs\ecommerce\wordpress\wp-content\themes\storefront.3.9.1\storefront\inc\admin\class-storefront-admin.php on line 9

2022-05-03T15:38:26+00:00 CRITICAL Maximum execution time of 120 seconds exceeded in C:\Users\saish\Documents\New folder\htdocs\ecommerce\wordpress\wp-admin\includes\class-custom-image-header.php on line 1603

2022-05-03T15:39:36+00:00 CRITICAL Maximum execution time of 120 seconds exceeded in C:\Users\saish\Documents\New folder\htdocs\ecommerce\wordpress\wp-admin\includes\meta-boxes.php on line 1619

2022-05-03T15:39:44+00:00 CRITICAL Maximum execution time of 120 seconds exceeded in C:\Users\saish\Documents\New folder\htdocs\ecommerce\wordpress\wp-content\plugins\woocommerce\includes\rest-api\Controllers\Version3\class-wc-rest-crud-controller.php on line 10

2022-05-03T15:50:13+00:00 CRITICAL Maximum execution time of 120 seconds exceeded in C:\Users\saish\Documents\New folder\htdocs\ecommerce\wordpress\wp-content\plugins\woocommerce\includes\admin\notes\class-wc-notes-run-db-update.php on line 307

2022-05-03T15:51:39+00:00 CRITICAL Maximum execution time of 120 seconds exceeded in C:\Users\saish\Documents\New folder\htdocs\ecommerce\wordpress\wp-content\plugins\woocommerce\includes\emails\class-wc-email.php on line 8

2022-05-03T15:51:40+00:00 CRITICAL Maximum execution time of 120 seconds exceeded in C:\Users\saish\Documents\New folder\htdocs\ecommerce\wordpress\wp-admin\includes\plugin-install.php on line 895

2022-05-03T15:53:57+00:00 CRITICAL Maximum execution time of 120 seconds exceeded in C:\Users\saish\Documents\New folder\htdocs\ecommerce\wordpress\wp-includes\functions.php on line 6577

2022-05-03T15:54:00+00:00 CRITICAL Maximum execution time of 120 seconds exceeded in C:\Users\saish\Documents\New folder\htdocs\ecommerce\wordpress\wp-admin\includes\class-wp-plugin-install-list-table.php on line 801

2022-05-03T15:54:11+00:00 CRITICAL Maximum execution time of 120 seconds exceeded in C:\Users\saish\Documents\New folder\htdocs\ecommerce\wordpress\wp-content\plugins\woocommerce\includes\rest-api\Controllers\Version3\class-wc-rest-product-variations-controller.php on line 19

2022-05-03T15:54:40+00:00 CRITICAL Maximum execution time of 120 seconds exceeded in C:\Users\saish\Documents\New folder\htdocs\ecommerce\wordpress\wp-includes\wp-db.php on line 2162

2022-05-03T15:54:56+00:00 CRITICAL Maximum execution time of 120 seconds exceeded in C:\Users\saish\Documents\New folder\htdocs\ecommerce\wordpress\wp-content\plugins\woocommerce\packages\woocommerce-admin\src\API\Marketing.php on line 13

2022-05-03T16:00:05+00:00 CRITICAL Maximum execution time of 120 seconds exceeded in C:\Users\saish\Documents\New folder\htdocs\ecommerce\wordpress\wp-content\plugins\woocommerce\includes\rest-api\Controllers\Version1\class-wc-rest-product-reviews-v1-controller.php on line 13

2022-05-03T16:00:06+00:00 CRITICAL Maximum execution time of 120 seconds exceeded in C:\Users\saish\Documents\New folder\htdocs\ecommerce\wordpress\wp-content\plugins\woocommerce\includes\rest-api\Controllers\Version1\class-wc-rest-webhooks-v1-controller.php on line 11

2022-05-03T16:00:07+00:00 CRITICAL Maximum execution time of 120 seconds exceeded in C:\Users\saish\Documents\New folder\htdocs\ecommerce\wordpress\wp-admin\includes\theme.php on line 1211

2022-05-03T16:00:07+00:00 CRITICAL Maximum execution time of 120 seconds exceeded in C:\Users\saish\Documents\New folder\htdocs\ecommerce\wordpress\wp-admin\includes\privacy-tools.php on line 971

2022-05-03T16:00:08+00:00 CRITICAL Maximum execution time of 120 seconds exceeded in C:\Users\saish\Documents\New folder\htdocs\ecommerce\wordpress\wp-content\plugins\woocommerce\includes\rest-api\Controllers\Version2\class-wc-rest-system-status-tools-v2-controller.php on line 646

2022-05-03T16:00:12+00:00 CRITICAL Maximum execution time of 120 seconds exceeded in C:\Users\saish\Documents\New folder\htdocs\ecommerce\wordpress\wp-includes\wp-db.php on line 2162

2022-05-03T16:16:59+00:00 CRITICAL Maximum execution time of 120 seconds exceeded in C:\Users\saish\Documents\New folder\htdocs\ecommerce\wordpress\wp-includes\functions.wp-scripts.php on line 133

2022-05-03T18:38:20+00:00 CRITICAL Maximum execution time of 120 seconds exceeded in C:\Users\saish\Documents\New folder\htdocs\ecommerce\wordpress\wp-admin\includes\class-wp-screen.php on line 1355

